<?xml version="1.0" encoding="UTF-8"?>
<!-- Generated by org.testng.reporters.JUnitXMLReporter -->
<testsuite ignored="0" hostname="DESKTOP-PB0BTNO" failures="0" tests="6" name="Test" time="42.131" errors="0" timestamp="2024-09-23T05:48:18 IST">
  <testcase classname="testcases.AmazonSearchProductsTest" name="serachedProductPageOpened" time="12.874"/>
  <testcase classname="testcases.AmazonSearchProductsTest" name="clickOnRequiredProduct" time="0.781"/>
  <testcase classname="testcases.AmazonProductDetailsTest" name="VerifyProductDetailsAndAddToCart" time="16.99"/>
  <testcase classname="testcases.ShoppingCartTest" name="SearchForAProduct" time="0.321"/>
  <testcase classname="testcases.AmazonLoginTest" name="amazonLogin" time="4.041"/>
  <testcase classname="testcases.AmazonProductCheckoutTest" name="useAddress" time="4.574"/>
</testsuite> <!-- Test -->
